c:\users\tomyl\desktop\modelosunovs\modelosunovs\debug\modelos_uno\vc143.pdb
c:\users\tomyl\desktop\modelosunovs\modelosunovs\debug\modelos_uno\vc143.idb
c:\users\tomyl\desktop\modelosunovs\modelosunovs\debug\modelos_uno\main.obj
c:\users\tomyl\desktop\modelosunovs\modelosunovs\debug\modelos_uno\lhk_branch_and_cut.obj
c:\users\tomyl\desktop\modelosunovs\modelosunovs\debug\modelos_uno\leer_dimac.obj
c:\users\tomyl\desktop\modelosunovs\modelosunovs\debug\modelos_uno\pnodeslist.obj
c:\users\tomyl\desktop\modelosunovs\modelosunovs\debug\modelos_uno\pnode.obj
c:\users\tomyl\desktop\modelosunovs\modelosunovs\debug\modelos_uno\nodeslist.obj
c:\users\tomyl\desktop\modelosunovs\modelosunovs\debug\modelos_uno\node.obj
c:\users\tomyl\desktop\modelosunovs\modelosunovs\debug\modelos_uno\graphics.obj
c:\users\tomyl\desktop\modelosunovs\modelosunovs\debug\modelos_uno\graph.obj
c:\users\tomyl\desktop\modelosunovs\modelosunovs\modelos_uno.exe
c:\users\tomyl\desktop\modelosunovs\modelosunovs\debug\modelos_uno\modelos_uno.ilk
c:\users\tomyl\desktop\modelosunovs\modelosunovs\modelos_uno.pdb
c:\users\tomyl\desktop\modelosunovs\modelosunovs\debug\modelos_uno\modelos_uno.tlog\cl.command.1.tlog
c:\users\tomyl\desktop\modelosunovs\modelosunovs\debug\modelos_uno\modelos_uno.tlog\cl.read.1.tlog
c:\users\tomyl\desktop\modelosunovs\modelosunovs\debug\modelos_uno\modelos_uno.tlog\cl.write.1.tlog
c:\users\tomyl\desktop\modelosunovs\modelosunovs\debug\modelos_uno\modelos_uno.tlog\link.command.1.tlog
c:\users\tomyl\desktop\modelosunovs\modelosunovs\debug\modelos_uno\modelos_uno.tlog\link.read.1.tlog
c:\users\tomyl\desktop\modelosunovs\modelosunovs\debug\modelos_uno\modelos_uno.tlog\link.write.1.tlog
